# Registro de Mejoras JavaScript - Sistema de Calificaciones

Fecha: <?php echo date("Y-m-d"); ?>

## Actualizaciones realizadas a los archivos JavaScript

### 1. Modernización de lista_calificaciones.js
- **Mejoras de rendimiento**:
  - Implementación de IntersectionObserver para animaciones eficientes al hacer scroll
  - Optimización de renderizado secuencial para mejores transiciones visuales
  - Reducción de operaciones DOM redundantes

- **Nuevas funcionalidades**:
  - Sistema de notificaciones toast para feedback al usuario
  - Detección de estado de conexión a internet
  - Indicadores visuales de carga para operaciones asincrónicas
  - Tema oscuro configurable por el usuario
  - Mejoras de usabilidad para dropdowns y menús

- **Mejoras de accesibilidad**:
  - Navegación mejorada con teclado para tarjetas interactivas
  - Etiquetas ARIA para lectores de pantalla
  - Estados de foco mejorados visualmente
  - Feedback auditivo para cambios importantes (mediante ARIA)

### 2. Mejoras en grupos_view_controller.js
- **Filtrado y búsqueda mejorados**:
  - Algoritmo de búsqueda optimizado con debounce
  - Filtrado multi-criterio mejorado
  - Almacenamiento persistente de preferencias de filtrado

- **Interacciones enriquecidas**:
  - Efectos visuales de feedback mejorados (ripple, hover, active)
  - Transiciones suaves entre estados de tarjetas
  - Animaciones de entrada/salida optimizadas

- **Visualización de datos**:
  - Gráficos estadísticos interactivos
  - Actualización en tiempo real de contadores y métricas
  - Vista de progreso visual mejorada
  - Vista adaptativa según dispositivo

- **Organización**:
  - Opcional: Sistema de arrastre y soltar para reorganización de tarjetas
  - Persistencia de orden personalizado
  - Múltiples vistas (cuadrícula, compacta, lista)

## Optimizaciones de rendimiento
- Implementación de debounce para evitar múltiples recálculos
- Uso de requestAnimationFrame para animaciones fluidas
- Animaciones basadas en CSS con aceleración GPU
- Reutilización de elementos DOM existentes
- Polyfills condicionales para compatibilidad con navegadores antiguos

## Compatibilidad con navegadores
- Probado en Chrome, Firefox, Safari, Edge (versiones más recientes)
- Compatibilidad con Internet Explorer 11 mediante polyfills
- Detección de características para funcionalidades modernas

## Recomendaciones futuras
- Implementar virtualización para grandes conjuntos de datos
- Agregar análisis de tendencias entre períodos
- Desarrollar panel de estadísticas avanzadas por estudiante
- Integrar notificaciones push para eventos importantes

## Notas adicionales
- Los archivos JavaScript fueron reescritos siguiendo estándares modernos de JS
- Se mantiene compatibilidad con la estructura PHP existente
- Código documentado para facilitar mantenimiento futuro
